REQUEST INFORMATION (GET)
Connection: keep-alive
Accept: */*
Accept-Encoding: identity
Accept-Language: zh-cn
Host: 192.168.1.103
Range: bytes=0-1
User-Agent: AppleCoreMedia/1.0.0.10A523 (iPhone; U; CPU OS 6_0_1 like Mac OS X; zh_cn)
X-Playback-Session-Id: B73C967B-2660-4763-92E3-CB60A09652B8


RESPONSE INFORMATION (404)


REQUEST INFORMATION (GET)
Connection: keep-alive
Accept: */*
Accept-Encoding: identity
Accept-Language: zh-cn
Host: 192.168.1.103
Range: bytes=0-1
User-Agent: AppleCoreMedia/1.0.0.10A523 (iPhone; U; CPU OS 6_0_1 like Mac OS X; zh_cn)
X-Playback-Session-Id: E8635957-E5BA-4D61-BA7A-A6CAE69F2AC9


RESPONSE INFORMATION (404)


REQUEST INFORMATION (GET)
Connection: keep-alive
Accept: */*
Accept-Encoding: identity
Accept-Language: zh-cn
Host: 192.168.1.103
Range: bytes=0-1
User-Agent: AppleCoreMedia/1.0.0.10A523 (iPhone; U; CPU OS 6_0_1 like Mac OS X; zh_cn)
X-Playback-Session-Id: 9131E280-7A9E-4B16-AF88-FDED8880A34F


RESPONSE INFORMATION (404)


REQUEST INFORMATION (GET)
Connection: keep-alive
Accept: */*
Accept-Encoding: identity
Accept-Language: zh-cn
Host: 192.168.1.103
Range: bytes=0-1
User-Agent: AppleCoreMedia/1.0.0.10A523 (iPhone; U; CPU OS 6_0_1 like Mac OS X; zh_cn)
X-Playback-Session-Id: 1E74FE11-D237-468D-BCD0-6E64257D1D74


RESPONSE INFORMATION (404)


REQUEST INFORMATION (GET)
Connection: keep-alive
Accept: */*
Accept-Encoding: identity
Accept-Language: zh-cn
Host: 192.168.1.103
Range: bytes=0-1
User-Agent: AppleCoreMedia/1.0.0.10A523 (iPhone; U; CPU OS 6_0_1 like Mac OS X; zh_cn)
X-Playback-Session-Id: 056AFE79-E4AB-4BE0-845C-3EFAC3D60354


RESPONSE INFORMATION (404)


REQUEST INFORMATION (GET)
Connection: keep-alive
Accept: */*
Accept-Encoding: identity
Accept-Language: zh-cn
Host: 192.168.1.103
Range: bytes=0-1
User-Agent: AppleCoreMedia/1.0.0.10A523 (iPhone; U; CPU OS 6_0_1 like Mac OS X; zh_cn)
X-Playback-Session-Id: 813C83F1-5B0D-497C-B23F-3879AAF86964


RESPONSE INFORMATION (404)


REQUEST INFORMATION (GET)
Host: 192.168.1.103
User-Agent: Mozilla/5.0(iPad; U; CPU OS 4_3 like Mac OS X; en-us) AppleWebKit/533.17.9 (KHTML, like Gecko) Version/5.0.2 Mobile/8F191 Safari/6533.18.52.3.5)


REQUEST INFORMATION (GET)
Host: 192.168.1.103
User-Agent: Mozilla/5.0(iPad; U; CPU OS 4_3 like Mac OS X; en-us) AppleWebKit/533.17.9 (KHTML, like Gecko) Version/5.0.2 Mobile/8F191 Safari/6533.18.52.3.5)


REQUEST INFORMATION (GET)
Host: 192.168.1.103
User-Agent: Mozilla/5.0(iPad; U; CPU OS 4_3 like Mac OS X; en-us) AppleWebKit/533.17.9 (KHTML, like Gecko) Version/5.0.2 Mobile/8F191 Safari/6533.18.52.3.5)


REQUEST INFORMATION (GET)
Host: 192.168.1.103
User-Agent: Mozilla/5.0(iPad; U; CPU OS 4_3 like Mac OS X; en-us) AppleWebKit/533.17.9 (KHTML, like Gecko) Version/5.0.2 Mobile/8F191 Safari/6533.18.52.3.5)


REQUEST INFORMATION (GET)
Host: 192.168.1.103
User-Agent: Mozilla/5.0(iPad; U; CPU OS 4_3 like Mac OS X; en-us) AppleWebKit/533.17.9 (KHTML, like Gecko) Version/5.0.2 Mobile/8F191 Safari/6533.18.52.3.5)


