REQUEST INFORMATION (GET)
Connection: keep-alive
Accept: */*
Accept-Encoding: identity
Host: 192.168.1.103
Range: bytes=0-1
User-Agent: AppleCoreMedia/1.0.0.9B206 (iPad; U; CPU OS 5_1_1 like Mac OS X; zh_cn)
X-Playback-Session-Id: 29328245-F915-4BAB-BA6E-B73A9412B69C


RESPONSE INFORMATION (404)


REQUEST INFORMATION (GET)
Cache-Control: no-cache
Connection: keep-alive
Pragma: no-cache
Accept: */*
Accept-Charset: UTF-8,*;q=0.5
Accept-Encoding: identity;q=1, *;q=0
Accept-Language: zh-CN,zh;q=0.8
Host: localhost
Referer: http://localhost/Logic/Story.aspx?storyID=260205
Range: bytes=0-
User-Agent: Mozilla/5.0 (Windows NT 6.1; WOW64) AppleWebKit/537.4 (KHTML, like Gecko) Chrome/22.0.1229.79 Safari/537.4


REQUEST INFORMATION (GET)
Cache-Control: no-cache
Connection: keep-alive
Pragma: no-cache
Accept: */*
Accept-Charset: UTF-8,*;q=0.5
Accept-Encoding: identity;q=1, *;q=0
Accept-Language: zh-CN,zh;q=0.8
Host: localhost
Referer: http://localhost/Logic/Story.aspx?storyID=260215
Range: bytes=0-
User-Agent: Mozilla/5.0 (Windows NT 6.1; WOW64) AppleWebKit/537.4 (KHTML, like Gecko) Chrome/22.0.1229.79 Safari/537.4


REQUEST INFORMATION (GET)
Cache-Control: no-cache
Connection: keep-alive
Pragma: no-cache
Accept: */*
Accept-Charset: UTF-8,*;q=0.5
Accept-Encoding: identity;q=1, *;q=0
Accept-Language: zh-CN,zh;q=0.8
Host: localhost
Referer: http://localhost/Logic/Story.aspx?storyID=246191
Range: bytes=0-
User-Agent: Mozilla/5.0 (Windows NT 6.1; WOW64) AppleWebKit/537.4 (KHTML, like Gecko) Chrome/22.0.1229.79 Safari/537.4


